<?xml version="1.0" encoding="UTF-8"?>
<!-- Generated by org.testng.reporters.JUnitReportReporter -->
<testsuite hostname="Farhan_4U" failures="0" tests="3" name="com.crm.qa.testcases.LoginPageTest" time="58.878" errors="0" timestamp="2023-11-17T15:46:18 IST" skipped="0">
  <testcase classname="com.crm.qa.testcases.LoginPageTest" name="loginPageTitleTest" time="10.567"/>
  <system-out/>
  <testcase classname="com.crm.qa.testcases.LoginPageTest" name="crmLogoImageTest" time="18.813"/>
  <system-out/>
  <testcase classname="com.crm.qa.testcases.LoginPageTest" name="loginTest" time="29.498"/>
  <system-out/>
</testsuite> <!-- com.crm.qa.testcases.LoginPageTest -->
