<?xml version="1.0" encoding="UTF-8"?>
<!-- Generated by org.testng.reporters.JUnitReportReporter -->
<testsuite hostname="Farhan_4U" failures="0" tests="1" name="com.crm.qa.testcases.ContactsPageTest" time="32.569" errors="0" timestamp="2023-11-17T19:40:34 IST" skipped="0">
  <testcase classname="com.crm.qa.testcases.ContactsPageTest" name="verifyContactsLabelTest" time="32.569"/>
  <system-out/>
</testsuite> <!-- com.crm.qa.testcases.ContactsPageTest -->
