<?xml version="1.0" encoding="UTF-8"?>
<!-- Generated by org.testng.reporters.JUnitReportReporter -->
<testsuite hostname="Farhan_4U" failures="0" tests="3" name="com.crm.qa.testcases.HomePageTest" time="95.151" errors="0" timestamp="2023-11-17T15:46:18 IST" skipped="0">
  <testcase classname="com.crm.qa.testcases.HomePageTest" name="verifyHomePageTitle" time="30.183"/>
  <system-out/>
  <testcase classname="com.crm.qa.testcases.HomePageTest" name="verifyLoggedinUserNameTest" time="31.024"/>
  <system-out/>
  <testcase classname="com.crm.qa.testcases.HomePageTest" name="verifyContactsLinkTest" time="33.944"/>
  <system-out/>
</testsuite> <!-- com.crm.qa.testcases.HomePageTest -->
